2025-10-06T22:23:48.3310687Z	Upsert	C:\Users\O11CE\OneDrive\Desktop\comic\Ultimate incursión 2.cbr	1	27	IsCompleted=False
2025-10-06T22:24:33.6300226Z	Upsert	C:\Users\O11CE\OneDrive\Desktop\comic\Ultimate incursión 2.cbr	2	27	IsCompleted=False
2025-10-06T22:24:33.6608137Z	Upsert	C:\Users\O11CE\OneDrive\Desktop\comic\Ultimate incursión 2.cbr	3	27	IsCompleted=False
2025-10-06T22:24:33.6961877Z	Upsert	C:\Users\O11CE\OneDrive\Desktop\comic\Ultimate incursión 2.cbr	4	27	IsCompleted=False
2025-10-06T22:24:33.7614546Z	Upsert	C:\Users\O11CE\OneDrive\Desktop\comic\Ultimate incursión 2.cbr	5	27	IsCompleted=False
2025-10-06T22:24:33.8412577Z	Upsert	C:\Users\O11CE\OneDrive\Desktop\comic\Ultimate incursión 2.cbr	6	27	IsCompleted=False
2025-10-06T22:24:33.9889921Z	Upsert	C:\Users\O11CE\OneDrive\Desktop\comic\Ultimate incursión 2.cbr	7	27	IsCompleted=False
2025-10-06T22:24:34.1025241Z	Upsert	C:\Users\O11CE\OneDrive\Desktop\comic\Ultimate incursión 2.cbr	8	27	IsCompleted=False
2025-10-06T22:24:34.1561959Z	Upsert	C:\Users\O11CE\OneDrive\Desktop\comic\Ultimate incursión 2.cbr	9	27	IsCompleted=False
2025-10-06T22:24:34.2106114Z	Upsert	C:\Users\O11CE\OneDrive\Desktop\comic\Ultimate incursión 2.cbr	10	27	IsCompleted=False
2025-10-06T22:24:34.2251799Z	Upsert	C:\Users\O11CE\OneDrive\Desktop\comic\Ultimate incursión 2.cbr	9	27	IsCompleted=False
2025-10-06T22:24:34.2376620Z	Upsert	C:\Users\O11CE\OneDrive\Desktop\comic\Ultimate incursión 2.cbr	10	27	IsCompleted=False
2025-10-06T22:24:34.2494694Z	Upsert	C:\Users\O11CE\OneDrive\Desktop\comic\Ultimate incursión 2.cbr	9	27	IsCompleted=False
2025-10-06T22:24:34.2636440Z	Upsert	C:\Users\O11CE\OneDrive\Desktop\comic\Ultimate incursión 2.cbr	10	27	IsCompleted=False
2025-10-06T22:24:34.2773212Z	Upsert	C:\Users\O11CE\OneDrive\Desktop\comic\Ultimate incursión 2.cbr	9	27	IsCompleted=False
2025-10-06T22:24:34.2967488Z	Upsert	C:\Users\O11CE\OneDrive\Desktop\comic\Ultimate incursión 2.cbr	10	27	IsCompleted=False
2025-10-06T22:24:34.7772245Z	Upsert	C:\Users\O11CE\OneDrive\Desktop\comic\Ultimate incursión 2.cbr	11	27	IsCompleted=False
2025-10-06T22:24:34.7991891Z	Upsert	C:\Users\O11CE\OneDrive\Desktop\comic\Ultimate incursión 2.cbr	12	27	IsCompleted=False
2025-10-06T22:24:34.8150288Z	Upsert	C:\Users\O11CE\OneDrive\Desktop\comic\Ultimate incursión 2.cbr	13	27	IsCompleted=False
2025-10-06T22:24:34.8318612Z	Upsert	C:\Users\O11CE\OneDrive\Desktop\comic\Ultimate incursión 2.cbr	14	27	IsCompleted=False
2025-10-06T22:24:34.8592177Z	Upsert	C:\Users\O11CE\OneDrive\Desktop\comic\Ultimate incursión 2.cbr	15	27	IsCompleted=False
2025-10-06T22:24:34.8737401Z	Upsert	C:\Users\O11CE\OneDrive\Desktop\comic\Ultimate incursión 2.cbr	16	27	IsCompleted=False
2025-10-06T22:24:34.8917995Z	Upsert	C:\Users\O11CE\OneDrive\Desktop\comic\Ultimate incursión 2.cbr	18	27	IsCompleted=False
2025-10-06T22:24:34.9084024Z	Upsert	C:\Users\O11CE\OneDrive\Desktop\comic\Ultimate incursión 2.cbr	19	27	IsCompleted=False
2025-10-06T22:24:34.9274813Z	Upsert	C:\Users\O11CE\OneDrive\Desktop\comic\Ultimate incursión 2.cbr	20	27	IsCompleted=False
2025-10-06T22:24:34.9414540Z	Upsert	C:\Users\O11CE\OneDrive\Desktop\comic\Ultimate incursión 2.cbr	21	27	IsCompleted=False
2025-10-06T22:24:34.9585503Z	Upsert	C:\Users\O11CE\OneDrive\Desktop\comic\Ultimate incursión 2.cbr	22	27	IsCompleted=False
2025-10-06T22:24:35.4216041Z	Upsert	C:\Users\O11CE\OneDrive\Desktop\comic\Ultimate incursión 2.cbr	23	27	IsCompleted=False
2025-10-06T22:24:35.4464271Z	Upsert	C:\Users\O11CE\OneDrive\Desktop\comic\Ultimate incursión 2.cbr	24	27	IsCompleted=False
2025-10-06T22:24:35.4710724Z	Upsert	C:\Users\O11CE\OneDrive\Desktop\comic\Ultimate incursión 2.cbr	25	27	IsCompleted=False
2025-10-06T22:24:35.4925397Z	Upsert	C:\Users\O11CE\OneDrive\Desktop\comic\Ultimate incursión 2.cbr	26	27	IsCompleted=False
2025-10-06T22:24:35.5117734Z	Upsert	C:\Users\O11CE\OneDrive\Desktop\comic\Ultimate incursión 2.cbr	27	27	IsCompleted=True
2025-10-06T22:33:24.2472040Z	Upsert	C:\Users\O11CE\OneDrive\Desktop\comic\Resurrection Man - Quantum Karma #003(HijosdelaMedianoche).cbr	1	27	IsCompleted=False
2025-10-06T22:33:33.3840330Z	Upsert	C:\Users\O11CE\OneDrive\Desktop\comic\Resurrection Man - Quantum Karma #003(HijosdelaMedianoche).cbr	2	27	IsCompleted=False
2025-10-06T22:33:33.5562197Z	Upsert	C:\Users\O11CE\OneDrive\Desktop\comic\Resurrection Man - Quantum Karma #003(HijosdelaMedianoche).cbr	3	27	IsCompleted=False
2025-10-06T22:33:33.7511276Z	Upsert	C:\Users\O11CE\OneDrive\Desktop\comic\Resurrection Man - Quantum Karma #003(HijosdelaMedianoche).cbr	4	27	IsCompleted=False
2025-10-06T22:33:33.8645430Z	Upsert	C:\Users\O11CE\OneDrive\Desktop\comic\Resurrection Man - Quantum Karma #003(HijosdelaMedianoche).cbr	5	27	IsCompleted=False
2025-10-06T22:33:34.4178313Z	Upsert	C:\Users\O11CE\OneDrive\Desktop\comic\Resurrection Man - Quantum Karma #003(HijosdelaMedianoche).cbr	6	27	IsCompleted=False
2025-10-06T22:33:34.4948025Z	Upsert	C:\Users\O11CE\OneDrive\Desktop\comic\Resurrection Man - Quantum Karma #003(HijosdelaMedianoche).cbr	7	27	IsCompleted=False
2025-10-06T22:33:34.6240185Z	Upsert	C:\Users\O11CE\OneDrive\Desktop\comic\Resurrection Man - Quantum Karma #003(HijosdelaMedianoche).cbr	8	27	IsCompleted=False
2025-10-06T22:33:34.7277401Z	Upsert	C:\Users\O11CE\OneDrive\Desktop\comic\Resurrection Man - Quantum Karma #003(HijosdelaMedianoche).cbr	9	27	IsCompleted=False
2025-10-06T22:33:34.8218859Z	Upsert	C:\Users\O11CE\OneDrive\Desktop\comic\Resurrection Man - Quantum Karma #003(HijosdelaMedianoche).cbr	10	27	IsCompleted=False
2025-10-06T22:33:34.8361401Z	Upsert	C:\Users\O11CE\OneDrive\Desktop\comic\Resurrection Man - Quantum Karma #003(HijosdelaMedianoche).cbr	9	27	IsCompleted=False
2025-10-06T22:33:34.8463424Z	Upsert	C:\Users\O11CE\OneDrive\Desktop\comic\Resurrection Man - Quantum Karma #003(HijosdelaMedianoche).cbr	10	27	IsCompleted=False
2025-10-06T22:33:34.8579726Z	Upsert	C:\Users\O11CE\OneDrive\Desktop\comic\Resurrection Man - Quantum Karma #003(HijosdelaMedianoche).cbr	9	27	IsCompleted=False
2025-10-06T22:33:34.8707704Z	Upsert	C:\Users\O11CE\OneDrive\Desktop\comic\Resurrection Man - Quantum Karma #003(HijosdelaMedianoche).cbr	10	27	IsCompleted=False
2025-10-06T22:33:35.3089613Z	Upsert	C:\Users\O11CE\OneDrive\Desktop\comic\Resurrection Man - Quantum Karma #003(HijosdelaMedianoche).cbr	11	27	IsCompleted=False
2025-10-06T22:33:35.3405082Z	Upsert	C:\Users\O11CE\OneDrive\Desktop\comic\Resurrection Man - Quantum Karma #003(HijosdelaMedianoche).cbr	12	27	IsCompleted=False
2025-10-06T22:33:35.3630445Z	Upsert	C:\Users\O11CE\OneDrive\Desktop\comic\Resurrection Man - Quantum Karma #003(HijosdelaMedianoche).cbr	13	27	IsCompleted=False
2025-10-06T22:33:35.3900876Z	Upsert	C:\Users\O11CE\OneDrive\Desktop\comic\Resurrection Man - Quantum Karma #003(HijosdelaMedianoche).cbr	14	27	IsCompleted=False
2025-10-06T22:33:35.4102305Z	Upsert	C:\Users\O11CE\OneDrive\Desktop\comic\Resurrection Man - Quantum Karma #003(HijosdelaMedianoche).cbr	15	27	IsCompleted=False
2025-10-06T22:33:35.4254283Z	Upsert	C:\Users\O11CE\OneDrive\Desktop\comic\Resurrection Man - Quantum Karma #003(HijosdelaMedianoche).cbr	16	27	IsCompleted=False
2025-10-06T22:33:35.4495353Z	Upsert	C:\Users\O11CE\OneDrive\Desktop\comic\Resurrection Man - Quantum Karma #003(HijosdelaMedianoche).cbr	17	27	IsCompleted=False
2025-10-06T22:33:35.4731022Z	Upsert	C:\Users\O11CE\OneDrive\Desktop\comic\Resurrection Man - Quantum Karma #003(HijosdelaMedianoche).cbr	18	27	IsCompleted=False
2025-10-06T22:33:35.4960228Z	Upsert	C:\Users\O11CE\OneDrive\Desktop\comic\Resurrection Man - Quantum Karma #003(HijosdelaMedianoche).cbr	19	27	IsCompleted=False
2025-10-06T22:33:35.5190946Z	Upsert	C:\Users\O11CE\OneDrive\Desktop\comic\Resurrection Man - Quantum Karma #003(HijosdelaMedianoche).cbr	20	27	IsCompleted=False
2025-10-06T22:33:35.5683585Z	Upsert	C:\Users\O11CE\OneDrive\Desktop\comic\Resurrection Man - Quantum Karma #003(HijosdelaMedianoche).cbr	21	27	IsCompleted=False
2025-10-06T22:33:35.9380821Z	Upsert	C:\Users\O11CE\OneDrive\Desktop\comic\Resurrection Man - Quantum Karma #003(HijosdelaMedianoche).cbr	23	27	IsCompleted=False
2025-10-06T22:33:35.9538684Z	Upsert	C:\Users\O11CE\OneDrive\Desktop\comic\Resurrection Man - Quantum Karma #003(HijosdelaMedianoche).cbr	24	27	IsCompleted=False
2025-10-06T22:33:35.9677905Z	Upsert	C:\Users\O11CE\OneDrive\Desktop\comic\Resurrection Man - Quantum Karma #003(HijosdelaMedianoche).cbr	25	27	IsCompleted=False
2025-10-06T22:33:35.9799559Z	Upsert	C:\Users\O11CE\OneDrive\Desktop\comic\Resurrection Man - Quantum Karma #003(HijosdelaMedianoche).cbr	26	27	IsCompleted=False
2025-10-06T22:33:36.0032030Z	Upsert	C:\Users\O11CE\OneDrive\Desktop\comic\Resurrection Man - Quantum Karma #003(HijosdelaMedianoche).cbr	27	27	IsCompleted=True
2025-10-06T22:37:46.6210076Z	Upsert	C:\Users\O11CE\OneDrive\Desktop\comic\Resurrection Man - Quantum Karma #003(HijosdelaMedianoche).cbr	1	27	IsCompleted=False
2025-10-06T22:37:53.3358235Z	Upsert	C:\Users\O11CE\OneDrive\Desktop\comic\Resurrection Man - Quantum Karma #003(HijosdelaMedianoche).cbr	2	27	IsCompleted=False
2025-10-06T22:37:55.4805434Z	Upsert	C:\Users\O11CE\OneDrive\Desktop\comic\Resurrection Man - Quantum Karma #003(HijosdelaMedianoche).cbr	3	27	IsCompleted=False
2025-10-06T22:37:56.5630852Z	Upsert	C:\Users\O11CE\OneDrive\Desktop\comic\Resurrection Man - Quantum Karma #003(HijosdelaMedianoche).cbr	4	27	IsCompleted=False
2025-10-06T22:38:15.0690195Z	Upsert	C:\Users\O11CE\OneDrive\Desktop\comic\Resurrection Man - Quantum Karma #003(HijosdelaMedianoche).cbr	4	27	IsCompleted=False
2025-10-06T22:38:17.0926547Z	Upsert	C:\Users\O11CE\OneDrive\Desktop\comic\Resurrection Man - Quantum Karma #003(HijosdelaMedianoche).cbr	5	27	IsCompleted=False
2025-10-06T22:38:17.1518405Z	Upsert	C:\Users\O11CE\OneDrive\Desktop\comic\Resurrection Man - Quantum Karma #003(HijosdelaMedianoche).cbr	6	27	IsCompleted=False
2025-10-06T22:38:17.1952364Z	Upsert	C:\Users\O11CE\OneDrive\Desktop\comic\Resurrection Man - Quantum Karma #003(HijosdelaMedianoche).cbr	7	27	IsCompleted=False
2025-10-06T22:38:17.2302948Z	Upsert	C:\Users\O11CE\OneDrive\Desktop\comic\Resurrection Man - Quantum Karma #003(HijosdelaMedianoche).cbr	9	27	IsCompleted=False
2025-10-06T22:38:17.2875982Z	Upsert	C:\Users\O11CE\OneDrive\Desktop\comic\Resurrection Man - Quantum Karma #003(HijosdelaMedianoche).cbr	11	27	IsCompleted=False
2025-10-06T22:38:17.3265288Z	Upsert	C:\Users\O11CE\OneDrive\Desktop\comic\Resurrection Man - Quantum Karma #003(HijosdelaMedianoche).cbr	15	27	IsCompleted=False
2025-10-06T22:38:17.3641056Z	Upsert	C:\Users\O11CE\OneDrive\Desktop\comic\Resurrection Man - Quantum Karma #003(HijosdelaMedianoche).cbr	18	27	IsCompleted=False
2025-10-06T22:38:17.4066653Z	Upsert	C:\Users\O11CE\OneDrive\Desktop\comic\Resurrection Man - Quantum Karma #003(HijosdelaMedianoche).cbr	20	27	IsCompleted=False
2025-10-06T22:38:17.4436042Z	Upsert	C:\Users\O11CE\OneDrive\Desktop\comic\Resurrection Man - Quantum Karma #003(HijosdelaMedianoche).cbr	23	27	IsCompleted=False
2025-10-06T22:38:17.4755022Z	Upsert	C:\Users\O11CE\OneDrive\Desktop\comic\Resurrection Man - Quantum Karma #003(HijosdelaMedianoche).cbr	26	27	IsCompleted=False
2025-10-06T22:38:17.5170338Z	Upsert	C:\Users\O11CE\OneDrive\Desktop\comic\Resurrection Man - Quantum Karma #003(HijosdelaMedianoche).cbr	27	27	IsCompleted=True
2025-10-06T22:42:07.9005867Z	Upsert	C:\Users\O11CE\OneDrive\Desktop\comic\Ultimate incursión 2.cbr	1	27	IsCompleted=False
2025-10-06T22:42:11.3196649Z	Upsert	C:\Users\O11CE\OneDrive\Desktop\comic\Ultimate incursión 2.cbr	2	27	IsCompleted=False
2025-10-06T22:42:11.3515060Z	Upsert	C:\Users\O11CE\OneDrive\Desktop\comic\Ultimate incursión 2.cbr	3	27	IsCompleted=False
2025-10-06T22:42:11.3759589Z	Upsert	C:\Users\O11CE\OneDrive\Desktop\comic\Ultimate incursión 2.cbr	4	27	IsCompleted=False
2025-10-06T22:42:11.4169451Z	Upsert	C:\Users\O11CE\OneDrive\Desktop\comic\Ultimate incursión 2.cbr	5	27	IsCompleted=False
2025-10-06T22:42:11.4489799Z	Upsert	C:\Users\O11CE\OneDrive\Desktop\comic\Ultimate incursión 2.cbr	6	27	IsCompleted=False
2025-10-06T22:42:11.4857426Z	Upsert	C:\Users\O11CE\OneDrive\Desktop\comic\Ultimate incursión 2.cbr	7	27	IsCompleted=False
2025-10-06T22:42:11.5373530Z	Upsert	C:\Users\O11CE\OneDrive\Desktop\comic\Ultimate incursión 2.cbr	8	27	IsCompleted=False
2025-10-06T22:42:11.5705886Z	Upsert	C:\Users\O11CE\OneDrive\Desktop\comic\Ultimate incursión 2.cbr	9	27	IsCompleted=False
2025-10-06T22:42:11.6276354Z	Upsert	C:\Users\O11CE\OneDrive\Desktop\comic\Ultimate incursión 2.cbr	10	27	IsCompleted=False
2025-10-06T22:42:11.9760169Z	Upsert	C:\Users\O11CE\OneDrive\Desktop\comic\Ultimate incursión 2.cbr	11	27	IsCompleted=False
2025-10-06T22:42:12.0054913Z	Upsert	C:\Users\O11CE\OneDrive\Desktop\comic\Ultimate incursión 2.cbr	13	27	IsCompleted=False
2025-10-06T22:42:12.0313937Z	Upsert	C:\Users\O11CE\OneDrive\Desktop\comic\Ultimate incursión 2.cbr	14	27	IsCompleted=False
2025-10-06T22:42:12.0610676Z	Upsert	C:\Users\O11CE\OneDrive\Desktop\comic\Ultimate incursión 2.cbr	16	27	IsCompleted=False
2025-10-06T22:42:12.0890581Z	Upsert	C:\Users\O11CE\OneDrive\Desktop\comic\Ultimate incursión 2.cbr	19	27	IsCompleted=False
2025-10-06T22:42:12.1200553Z	Upsert	C:\Users\O11CE\OneDrive\Desktop\comic\Ultimate incursión 2.cbr	21	27	IsCompleted=False
2025-10-06T22:42:12.1619958Z	Upsert	C:\Users\O11CE\OneDrive\Desktop\comic\Ultimate incursión 2.cbr	23	27	IsCompleted=False
2025-10-06T22:42:12.1918725Z	Upsert	C:\Users\O11CE\OneDrive\Desktop\comic\Ultimate incursión 2.cbr	25	27	IsCompleted=False
2025-10-06T22:42:12.2167877Z	Upsert	C:\Users\O11CE\OneDrive\Desktop\comic\Ultimate incursión 2.cbr	26	27	IsCompleted=False
2025-10-06T22:42:12.5698192Z	Upsert	C:\Users\O11CE\OneDrive\Desktop\comic\Ultimate incursión 2.cbr	27	27	IsCompleted=True
2025-10-06T22:47:45.6722261Z	Upsert	C:\Users\O11CE\OneDrive\Desktop\comic\The Vigil #3 (2023) HDM.cbr	1	24	IsCompleted=False
2025-10-06T22:47:47.2260121Z	Upsert	C:\Users\O11CE\OneDrive\Desktop\comic\The Vigil #3 (2023) HDM.cbr	2	24	IsCompleted=False
2025-10-06T22:47:47.7300451Z	Upsert	C:\Users\O11CE\OneDrive\Desktop\comic\The Vigil #3 (2023) HDM.cbr	3	24	IsCompleted=False
2025-10-06T22:47:47.7605274Z	Upsert	C:\Users\O11CE\OneDrive\Desktop\comic\The Vigil #3 (2023) HDM.cbr	4	24	IsCompleted=False
2025-10-06T22:47:47.7917512Z	Upsert	C:\Users\O11CE\OneDrive\Desktop\comic\The Vigil #3 (2023) HDM.cbr	5	24	IsCompleted=False
2025-10-06T22:47:47.8214517Z	Upsert	C:\Users\O11CE\OneDrive\Desktop\comic\The Vigil #3 (2023) HDM.cbr	6	24	IsCompleted=False
2025-10-06T22:47:47.8525954Z	Upsert	C:\Users\O11CE\OneDrive\Desktop\comic\The Vigil #3 (2023) HDM.cbr	7	24	IsCompleted=False
2025-10-06T22:47:47.8841073Z	Upsert	C:\Users\O11CE\OneDrive\Desktop\comic\The Vigil #3 (2023) HDM.cbr	8	24	IsCompleted=False
2025-10-06T22:47:47.9226613Z	Upsert	C:\Users\O11CE\OneDrive\Desktop\comic\The Vigil #3 (2023) HDM.cbr	9	24	IsCompleted=False
2025-10-06T22:47:47.9459992Z	Upsert	C:\Users\O11CE\OneDrive\Desktop\comic\The Vigil #3 (2023) HDM.cbr	10	24	IsCompleted=False
2025-10-06T22:47:47.9709618Z	Upsert	C:\Users\O11CE\OneDrive\Desktop\comic\The Vigil #3 (2023) HDM.cbr	11	24	IsCompleted=False
2025-10-06T22:47:48.0055492Z	Upsert	C:\Users\O11CE\OneDrive\Desktop\comic\The Vigil #3 (2023) HDM.cbr	12	24	IsCompleted=False
2025-10-06T22:47:48.0363758Z	Upsert	C:\Users\O11CE\OneDrive\Desktop\comic\The Vigil #3 (2023) HDM.cbr	13	24	IsCompleted=False
2025-10-06T22:47:48.0752202Z	Upsert	C:\Users\O11CE\OneDrive\Desktop\comic\The Vigil #3 (2023) HDM.cbr	14	24	IsCompleted=False
2025-10-06T22:47:48.0989495Z	Upsert	C:\Users\O11CE\OneDrive\Desktop\comic\The Vigil #3 (2023) HDM.cbr	15	24	IsCompleted=False
2025-10-06T22:47:48.1303625Z	Upsert	C:\Users\O11CE\OneDrive\Desktop\comic\The Vigil #3 (2023) HDM.cbr	16	24	IsCompleted=False
2025-10-06T22:47:48.1631932Z	Upsert	C:\Users\O11CE\OneDrive\Desktop\comic\The Vigil #3 (2023) HDM.cbr	17	24	IsCompleted=False
2025-10-06T22:47:48.1913030Z	Upsert	C:\Users\O11CE\OneDrive\Desktop\comic\The Vigil #3 (2023) HDM.cbr	18	24	IsCompleted=False
2025-10-06T22:47:48.2222496Z	Upsert	C:\Users\O11CE\OneDrive\Desktop\comic\The Vigil #3 (2023) HDM.cbr	19	24	IsCompleted=False
2025-10-06T22:47:48.2593540Z	Upsert	C:\Users\O11CE\OneDrive\Desktop\comic\The Vigil #3 (2023) HDM.cbr	20	24	IsCompleted=False
2025-10-06T22:47:48.2957112Z	Upsert	C:\Users\O11CE\OneDrive\Desktop\comic\The Vigil #3 (2023) HDM.cbr	21	24	IsCompleted=False
2025-10-06T22:47:48.3241261Z	Upsert	C:\Users\O11CE\OneDrive\Desktop\comic\The Vigil #3 (2023) HDM.cbr	22	24	IsCompleted=False
2025-10-06T22:47:48.3566376Z	Upsert	C:\Users\O11CE\OneDrive\Desktop\comic\The Vigil #3 (2023) HDM.cbr	23	24	IsCompleted=False
2025-10-06T22:47:48.3900612Z	Upsert	C:\Users\O11CE\OneDrive\Desktop\comic\The Vigil #3 (2023) HDM.cbr	24	24	IsCompleted=True
