2025-10-05 16:09:46.356 [Info] Logger inicializado
2025-10-05 16:09:46.380 [Info] Initializing ComicPageLoader (empty constructor)
2025-10-05 16:09:46.590 [Info] Applied theme: FlashSpeedTheme
2025-10-05 16:09:46.801 [Info] Applied theme: FlashSpeedTheme
2025-10-05 16:09:46.804 [Info] ApplyTheme inicial OK
2025-10-05 16:09:46.811 [Info] Initializing ComicPageLoader (empty constructor)
2025-10-05 16:09:47.921 [Info] Skip ApplyTheme: 'FlashSpeedTheme' ya activo
2025-10-05 16:09:49.895 [Info] Settings saved successfully.
2025-10-05 16:10:01.351 [Info] Settings saved successfully.
2025-10-05 16:10:14.973 [Error] UnobservedTaskException (TaskScheduler): A Task's exception(s) were not observed either by Waiting on the Task or accessing its Exception property. As a result, the unobserved exception was rethrown by the finalizer thread. (Index was out of range. Must be non-negative and less than the size of the collection. (Parameter 'index'))

2025-10-05 16:10:14.996 [Error] UnobservedTaskException (TaskScheduler): A Task's exception(s) were not observed either by Waiting on the Task or accessing its Exception property. As a result, the unobserved exception was rethrown by the finalizer thread. (Index was out of range. Must be non-negative and less than the size of the collection. (Parameter 'index'))

2025-10-05 16:10:14.997 [Error] UnobservedTaskException (TaskScheduler): A Task's exception(s) were not observed either by Waiting on the Task or accessing its Exception property. As a result, the unobserved exception was rethrown by the finalizer thread. (Index was out of range. Must be non-negative and less than the size of the collection. (Parameter 'index'))

2025-10-05 16:10:24.452 [Error] UnobservedTaskException (TaskScheduler): A Task's exception(s) were not observed either by Waiting on the Task or accessing its Exception property. As a result, the unobserved exception was rethrown by the finalizer thread. (Index was out of range. Must be non-negative and less than the size of the collection. (Parameter 'index'))

2025-10-05 16:10:24.456 [Error] UnobservedTaskException (TaskScheduler): A Task's exception(s) were not observed either by Waiting on the Task or accessing its Exception property. As a result, the unobserved exception was rethrown by the finalizer thread. (Index was out of range. Must be non-negative and less than the size of the collection. (Parameter 'index'))

2025-10-05 16:17:00.322 [Info] Logger inicializado
2025-10-05 16:17:00.356 [Info] Initializing ComicPageLoader (empty constructor)
2025-10-05 16:17:00.577 [Info] Applied theme: FlashSpeedTheme
2025-10-05 16:17:00.726 [Info] Applied theme: FlashSpeedTheme
2025-10-05 16:17:00.728 [Info] ApplyTheme inicial OK
2025-10-05 16:17:00.735 [Info] Initializing ComicPageLoader (empty constructor)
2025-10-05 16:17:01.271 [Info] Skip ApplyTheme: 'FlashSpeedTheme' ya activo
2025-10-05 16:17:02.942 [Info] Settings saved successfully.
2025-10-05 16:17:16.515 [Info] Settings saved successfully.
2025-10-05 16:17:27.405 [Info] Settings saved successfully.
2025-10-05 16:21:23.996 [Info] Logger inicializado
2025-10-05 16:21:24.020 [Info] Initializing ComicPageLoader (empty constructor)
2025-10-05 16:21:24.217 [Info] Applied theme: FlashSpeedTheme
2025-10-05 16:21:24.360 [Info] Applied theme: FlashSpeedTheme
2025-10-05 16:21:24.367 [Info] ApplyTheme inicial OK
2025-10-05 16:21:24.371 [Info] Initializing ComicPageLoader (empty constructor)
2025-10-05 16:21:24.783 [Info] Skip ApplyTheme: 'FlashSpeedTheme' ya activo
2025-10-05 16:21:26.482 [Info] Settings saved successfully.
2025-10-05 16:21:52.618 [Info] Settings saved successfully.
2025-10-05 16:25:34.701 [Info] Logger inicializado
2025-10-05 16:25:34.729 [Info] Initializing ComicPageLoader (empty constructor)
2025-10-05 16:25:34.954 [Info] Applied theme: FlashSpeedTheme
2025-10-05 16:25:35.082 [Info] Applied theme: FlashSpeedTheme
2025-10-05 16:25:35.083 [Info] ApplyTheme inicial OK
2025-10-05 16:25:35.087 [Info] Initializing ComicPageLoader (empty constructor)
2025-10-05 16:25:35.586 [Info] Skip ApplyTheme: 'FlashSpeedTheme' ya activo
2025-10-05 16:25:37.261 [Info] Settings saved successfully.
2025-10-05 16:25:49.270 [Info] Settings saved successfully.
2025-10-05 16:26:15.565 [Info] Settings saved successfully.
2025-10-05 16:28:28.813 [Info] Logger inicializado
2025-10-05 16:28:28.880 [Info] Initializing ComicPageLoader (empty constructor)
2025-10-05 16:28:29.262 [Info] Applied theme: FlashSpeedTheme
2025-10-05 16:28:29.425 [Info] Applied theme: FlashSpeedTheme
2025-10-05 16:28:29.426 [Info] ApplyTheme inicial OK
2025-10-05 16:28:29.430 [Info] Initializing ComicPageLoader (empty constructor)
2025-10-05 16:28:29.929 [Info] Skip ApplyTheme: 'FlashSpeedTheme' ya activo
2025-10-05 16:28:31.710 [Info] Settings saved successfully.
2025-10-05 16:35:03.496 [Info] Logger inicializado
2025-10-05 16:35:03.516 [Info] Initializing ComicPageLoader (empty constructor)
2025-10-05 16:35:03.677 [Info] Applied theme: FlashSpeedTheme
2025-10-05 16:35:03.799 [Info] Applied theme: FlashSpeedTheme
2025-10-05 16:35:03.801 [Info] ApplyTheme inicial OK
2025-10-05 16:35:03.805 [Info] Initializing ComicPageLoader (empty constructor)
2025-10-05 16:35:04.206 [Info] Skip ApplyTheme: 'FlashSpeedTheme' ya activo
2025-10-05 16:35:06.012 [Info] Settings saved successfully.
2025-10-05 16:38:00.018 [Info] Logger inicializado
2025-10-05 16:38:00.083 [Info] Initializing ComicPageLoader (empty constructor)
2025-10-05 16:38:00.292 [Info] Applied theme: FlashSpeedTheme
2025-10-05 16:38:00.447 [Info] Applied theme: FlashSpeedTheme
2025-10-05 16:38:00.449 [Info] ApplyTheme inicial OK
2025-10-05 16:38:00.454 [Info] Initializing ComicPageLoader (empty constructor)
2025-10-05 16:38:00.990 [Info] Skip ApplyTheme: 'FlashSpeedTheme' ya activo
2025-10-05 16:38:02.719 [Info] Settings saved successfully.
2025-10-05 16:50:10.705 [Info] Logger inicializado
2025-10-05 16:50:10.724 [Info] Initializing ComicPageLoader (empty constructor)
2025-10-05 16:50:10.916 [Info] Applied theme: FlashSpeedTheme
2025-10-05 16:50:11.053 [Info] Applied theme: FlashSpeedTheme
2025-10-05 16:50:11.055 [Info] ApplyTheme inicial OK
2025-10-05 16:50:11.058 [Info] Initializing ComicPageLoader (empty constructor)
2025-10-05 16:50:11.703 [Info] Skip ApplyTheme: 'FlashSpeedTheme' ya activo
2025-10-05 16:50:13.417 [Info] Settings saved successfully.
2025-10-05 17:00:33.291 [Info] Logger inicializado
2025-10-05 17:00:33.320 [Info] Initializing ComicPageLoader (empty constructor)
2025-10-05 17:00:33.671 [Info] Applied theme: FlashSpeedTheme
2025-10-05 17:00:33.899 [Info] Applied theme: FlashSpeedTheme
2025-10-05 17:00:33.900 [Info] ApplyTheme inicial OK
2025-10-05 17:00:33.906 [Info] Initializing ComicPageLoader (empty constructor)
2025-10-05 17:00:34.594 [Info] Skip ApplyTheme: 'FlashSpeedTheme' ya activo
2025-10-05 17:00:36.548 [Info] Settings saved successfully.
2025-10-05 17:00:54.668 [Error] UnobservedTaskException (TaskScheduler): A Task's exception(s) were not observed either by Waiting on the Task or accessing its Exception property. As a result, the unobserved exception was rethrown by the finalizer thread. (Index was out of range. Must be non-negative and less than the size of the collection. (Parameter 'index'))

2025-10-05 17:00:54.693 [Error] UnobservedTaskException (TaskScheduler): A Task's exception(s) were not observed either by Waiting on the Task or accessing its Exception property. As a result, the unobserved exception was rethrown by the finalizer thread. (Index was out of range. Must be non-negative and less than the size of the collection. (Parameter 'index'))

2025-10-05 17:00:57.841 [Info] Settings saved successfully.
2025-10-06 12:16:59.166 [Info] Logger inicializado
2025-10-06 12:16:59.202 [Info] Initializing ComicPageLoader (empty constructor)
2025-10-06 12:16:59.575 [Info] Applied theme: FlashSpeedTheme
2025-10-06 12:16:59.863 [Info] Applied theme: FlashSpeedTheme
2025-10-06 12:16:59.867 [Info] ApplyTheme inicial OK
2025-10-06 12:16:59.877 [Info] Initializing ComicPageLoader (empty constructor)
2025-10-06 12:17:00.669 [Info] Skip ApplyTheme: 'FlashSpeedTheme' ya activo
2025-10-06 12:17:02.842 [Info] Settings saved successfully.
2025-10-06 12:17:19.198 [Info] Settings saved successfully.
2025-10-06 12:32:21.092 [Info] Logger inicializado
2025-10-06 12:32:21.168 [Info] Initializing ComicPageLoader (empty constructor)
2025-10-06 12:32:22.302 [Info] Applied theme: FlashSpeedTheme
2025-10-06 12:32:23.343 [Info] Applied theme: FlashSpeedTheme
2025-10-06 12:32:23.367 [Info] ApplyTheme inicial OK
2025-10-06 12:32:23.394 [Info] Initializing ComicPageLoader (empty constructor)
2025-10-06 12:32:25.332 [Info] Skip ApplyTheme: 'FlashSpeedTheme' ya activo
2025-10-06 12:32:27.815 [Info] Settings saved successfully.
2025-10-06 12:32:40.776 [Info] Settings saved successfully.
2025-10-06 14:19:50.446 [Info] Logger inicializado
2025-10-06 14:19:50.473 [Info] Initializing ComicPageLoader (empty constructor)
2025-10-06 14:19:50.754 [Info] Applied theme: FlashSpeedTheme
2025-10-06 14:19:50.915 [Info] Applied theme: FlashSpeedTheme
2025-10-06 14:19:50.916 [Info] ApplyTheme inicial OK
2025-10-06 14:19:50.920 [Info] Initializing ComicPageLoader (empty constructor)
2025-10-06 14:19:51.560 [Info] Skip ApplyTheme: 'FlashSpeedTheme' ya activo
2025-10-06 14:19:53.482 [Info] Settings saved successfully.
2025-10-06 14:20:11.457 [Info] Settings saved successfully.
2025-10-06 14:20:22.054 [Info] Settings saved successfully.
2025-10-06 14:21:02.313 [Info] Skip ApplyTheme: 'FlashSpeedTheme' ya activo
2025-10-06 14:21:50.011 [Info] Settings saved successfully.
2025-10-06 14:34:17.383 [Info] Logger inicializado
2025-10-06 14:34:17.417 [Info] Initializing ComicPageLoader (empty constructor)
2025-10-06 14:34:17.639 [Info] Applied theme: FlashSpeedTheme
2025-10-06 14:34:17.779 [Info] Applied theme: FlashSpeedTheme
2025-10-06 14:34:17.781 [Info] ApplyTheme inicial OK
2025-10-06 14:34:17.785 [Info] Initializing ComicPageLoader (empty constructor)
2025-10-06 14:34:18.255 [Info] Skip ApplyTheme: 'FlashSpeedTheme' ya activo
2025-10-06 14:34:20.316 [Info] Settings saved successfully.
2025-10-06 14:34:31.610 [Info] Settings saved successfully.
2025-10-06 14:34:44.381 [Info] Settings saved successfully.
2025-10-06 14:34:59.324 [Info] Skip ApplyTheme: 'FlashSpeedTheme' ya activo
2025-10-06 14:35:30.095 [Info] Skip ApplyTheme: 'FlashSpeedTheme' ya activo
2025-10-06 14:35:46.553 [Info] Settings saved successfully.
2025-10-06 14:36:00.326 [Info] Settings saved successfully.
2025-10-06 14:38:17.108 [Info] Logger inicializado
2025-10-06 14:38:17.264 [Info] Initializing ComicPageLoader (empty constructor)
2025-10-06 14:38:17.518 [Info] Applied theme: FlashSpeedTheme
2025-10-06 14:38:17.714 [Info] Applied theme: FlashSpeedTheme
2025-10-06 14:38:17.718 [Info] ApplyTheme inicial OK
2025-10-06 14:38:17.722 [Info] Initializing ComicPageLoader (empty constructor)
2025-10-06 14:38:18.293 [Info] Skip ApplyTheme: 'FlashSpeedTheme' ya activo
2025-10-06 14:38:20.273 [Info] Settings saved successfully.
2025-10-06 14:49:55.957 [Info] Logger inicializado
2025-10-06 14:49:56.001 [Info] Initializing ComicPageLoader (empty constructor)
2025-10-06 14:49:56.513 [Info] Applied theme: FlashSpeedTheme
2025-10-06 14:49:57.282 [Info] Applied theme: FlashSpeedTheme
2025-10-06 14:49:57.294 [Info] ApplyTheme inicial OK
2025-10-06 14:49:57.306 [Info] Initializing ComicPageLoader (empty constructor)
2025-10-06 14:49:58.173 [Info] Skip ApplyTheme: 'FlashSpeedTheme' ya activo
2025-10-06 14:50:00.528 [Info] Settings saved successfully.
2025-10-06 14:50:12.126 [Info] Settings saved successfully.
2025-10-06 14:50:22.333 [Info] Settings saved successfully.
2025-10-06 14:50:33.676 [Info] Settings saved successfully.
2025-10-06 14:58:21.361 [Info] Logger inicializado
2025-10-06 14:58:21.386 [Info] Initializing ComicPageLoader (empty constructor)
2025-10-06 14:58:21.614 [Info] Applied theme: FlashSpeedTheme
2025-10-06 14:58:21.828 [Info] Applied theme: FlashSpeedTheme
2025-10-06 14:58:21.831 [Info] ApplyTheme inicial OK
2025-10-06 14:58:21.835 [Info] Initializing ComicPageLoader (empty constructor)
2025-10-06 14:58:22.268 [Info] Skip ApplyTheme: 'FlashSpeedTheme' ya activo
2025-10-06 14:58:24.192 [Info] Settings saved successfully.
2025-10-06 14:58:39.016 [Info] Settings saved successfully.
2025-10-06 14:58:43.339 [Info] Skip ApplyTheme: 'FlashSpeedTheme' ya activo
2025-10-06 14:58:50.189 [Info] Settings saved successfully.
2025-10-06 15:02:15.293 [Info] Logger inicializado
2025-10-06 15:02:15.365 [Info] Initializing ComicPageLoader (empty constructor)
2025-10-06 15:02:15.785 [Info] Applied theme: FlashSpeedTheme
2025-10-06 15:02:16.106 [Info] Applied theme: FlashSpeedTheme
2025-10-06 15:02:16.117 [Info] ApplyTheme inicial OK
2025-10-06 15:02:16.138 [Info] Initializing ComicPageLoader (empty constructor)
2025-10-06 15:02:17.026 [Info] Skip ApplyTheme: 'FlashSpeedTheme' ya activo
2025-10-06 15:02:19.168 [Info] Settings saved successfully.
2025-10-06 15:02:35.174 [Info] Settings saved successfully.
2025-10-06 15:02:48.576 [Info] Settings saved successfully.
2025-10-06 15:17:50.947 [Info] Logger inicializado
2025-10-06 15:17:50.981 [Info] Initializing ComicPageLoader (empty constructor)
2025-10-06 15:17:51.238 [Info] Applied theme: FlashSpeedTheme
2025-10-06 15:17:51.481 [Info] Applied theme: FlashSpeedTheme
2025-10-06 15:17:51.482 [Info] ApplyTheme inicial OK
2025-10-06 15:17:51.486 [Info] Initializing ComicPageLoader (empty constructor)
2025-10-06 15:17:52.167 [Info] Skip ApplyTheme: 'FlashSpeedTheme' ya activo
2025-10-06 15:17:54.323 [Info] Settings saved successfully.
2025-10-06 15:18:04.442 [Info] Settings saved successfully.
2025-10-06 15:18:14.947 [Info] Settings saved successfully.
2025-10-06 15:25:38.019 [Info] Logger inicializado
2025-10-06 15:25:38.054 [Info] Initializing ComicPageLoader (empty constructor)
2025-10-06 15:25:38.237 [Info] Applied theme: FlashSpeedTheme
2025-10-06 15:25:38.354 [Info] Applied theme: FlashSpeedTheme
2025-10-06 15:25:38.356 [Info] ApplyTheme inicial OK
2025-10-06 15:25:38.359 [Info] Initializing ComicPageLoader (empty constructor)
2025-10-06 15:25:38.889 [Info] Skip ApplyTheme: 'FlashSpeedTheme' ya activo
2025-10-06 15:25:41.028 [Info] Settings saved successfully.
2025-10-06 15:25:56.928 [Info] Settings saved successfully.
2025-10-06 15:25:59.984 [Info] Skip ApplyTheme: 'FlashSpeedTheme' ya activo
2025-10-06 15:27:13.449 [Info] Logger inicializado
2025-10-06 15:27:13.473 [Info] Initializing ComicPageLoader (empty constructor)
2025-10-06 15:27:13.774 [Info] Applied theme: FlashSpeedTheme
2025-10-06 15:27:13.939 [Info] Applied theme: FlashSpeedTheme
2025-10-06 15:27:13.945 [Info] ApplyTheme inicial OK
2025-10-06 15:27:13.954 [Info] Initializing ComicPageLoader (empty constructor)
2025-10-06 15:27:14.358 [Info] Skip ApplyTheme: 'FlashSpeedTheme' ya activo
2025-10-06 15:27:16.349 [Info] Settings saved successfully.
2025-10-06 15:27:24.573 [Info] Skip ApplyTheme: 'FlashSpeedTheme' ya activo
2025-10-06 15:27:29.207 [Info] Applied theme: BatmanNocturnalTheme
2025-10-06 15:27:29.210 [Info] Skip ApplyTheme: 'BatmanNocturnalTheme' ya activo
2025-10-06 15:27:30.258 [Info] Settings saved successfully.
2025-10-06 15:33:30.521 [Info] Logger inicializado
2025-10-06 15:33:30.589 [Info] Initializing ComicPageLoader (empty constructor)
2025-10-06 15:33:31.063 [Info] Applied theme: BatmanNocturnalTheme
2025-10-06 15:33:31.292 [Info] Applied theme: BatmanNocturnalTheme
2025-10-06 15:33:31.300 [Info] ApplyTheme inicial OK
2025-10-06 15:33:31.318 [Info] Initializing ComicPageLoader (empty constructor)
2025-10-06 15:33:31.976 [Info] Skip ApplyTheme: 'BatmanNocturnalTheme' ya activo
2025-10-06 15:33:34.285 [Info] Settings saved successfully.
2025-10-06 15:34:48.090 [Info] Logger inicializado
2025-10-06 15:34:48.111 [Info] Initializing ComicPageLoader (empty constructor)
2025-10-06 15:34:48.292 [Info] Applied theme: BatmanNocturnalTheme
2025-10-06 15:34:48.409 [Info] Applied theme: BatmanNocturnalTheme
2025-10-06 15:34:48.411 [Info] ApplyTheme inicial OK
2025-10-06 15:34:48.421 [Info] Initializing ComicPageLoader (empty constructor)
2025-10-06 15:34:48.950 [Info] Skip ApplyTheme: 'BatmanNocturnalTheme' ya activo
2025-10-06 15:34:50.842 [Info] Settings saved successfully.
2025-10-06 15:35:03.671 [Info] Settings saved successfully.
2025-10-06 16:23:12.778 [Info] Logger inicializado
2025-10-06 16:23:12.808 [Info] Initializing ComicPageLoader (empty constructor)
2025-10-06 16:23:13.193 [Info] Applied theme: BatmanNocturnalTheme
2025-10-06 16:23:13.428 [Info] Applied theme: BatmanNocturnalTheme
2025-10-06 16:23:13.429 [Info] ApplyTheme inicial OK
2025-10-06 16:23:13.432 [Info] Initializing ComicPageLoader (empty constructor)
2025-10-06 16:23:14.670 [Info] Skip ApplyTheme: 'BatmanNocturnalTheme' ya activo
2025-10-06 16:23:16.528 [Info] Settings saved successfully.
2025-10-06 16:23:29.693 [Info] Settings saved successfully.
2025-10-06 16:23:44.202 [Info] Settings saved successfully.
2025-10-06 17:09:55.143 [Info] Logger inicializado
2025-10-06 17:09:55.267 [Info] Initializing ComicPageLoader (empty constructor)
2025-10-06 17:09:55.602 [Info] Applied theme: BatmanNocturnalTheme
2025-10-06 17:09:55.784 [Info] Applied theme: BatmanNocturnalTheme
2025-10-06 17:09:55.786 [Info] ApplyTheme inicial OK
2025-10-06 17:09:55.794 [Info] Initializing ComicPageLoader (empty constructor)
2025-10-06 17:09:56.331 [Info] Skip ApplyTheme: 'BatmanNocturnalTheme' ya activo
2025-10-06 17:09:58.443 [Info] Settings saved successfully.
2025-10-06 17:10:11.545 [Info] Skip ApplyTheme: 'BatmanNocturnalTheme' ya activo
2025-10-06 17:10:37.144 [Info] Applied dynamic button colors for theme: LightTheme
2025-10-06 17:10:37.145 [Info] Applied theme: LightTheme
2025-10-06 17:10:37.149 [Info] Skip ApplyTheme: 'LightTheme' ya activo
2025-10-06 17:10:38.222 [Info] Settings saved successfully.
2025-10-06 17:10:39.337 [Info] Applied dynamic button colors for theme: DarkTheme
2025-10-06 17:10:39.344 [Info] Applied theme: DarkTheme
2025-10-06 17:10:39.349 [Info] Skip ApplyTheme: 'DarkTheme' ya activo
2025-10-06 17:13:30.171 [Info] Logger inicializado
2025-10-06 17:13:30.205 [Info] Initializing ComicPageLoader (empty constructor)
2025-10-06 17:13:30.655 [Info] Applied dynamic button colors for theme: DarkTheme
2025-10-06 17:13:30.664 [Info] Applied theme: DarkTheme
2025-10-06 17:13:31.208 [Info] Applied dynamic button colors for theme: DarkTheme
2025-10-06 17:13:31.257 [Info] Applied theme: DarkTheme
2025-10-06 17:13:31.326 [Info] ApplyTheme inicial OK
2025-10-06 17:13:31.349 [Info] Initializing ComicPageLoader (empty constructor)
2025-10-06 17:13:32.211 [Info] Skip ApplyTheme: 'DarkTheme' ya activo
2025-10-06 17:13:34.390 [Info] Settings saved successfully.
2025-10-06 17:14:23.922 [Info] Skip ApplyTheme: 'DarkTheme' ya activo
2025-10-06 17:14:30.882 [Info] Settings saved successfully.
2025-10-06 17:16:43.381 [Info] Logger inicializado
2025-10-06 17:16:43.519 [Info] Initializing ComicPageLoader (empty constructor)
2025-10-06 17:16:44.613 [Info] Applied dynamic button colors for theme: DarkTheme
2025-10-06 17:16:44.656 [Info] Applied theme: DarkTheme
2025-10-06 17:16:46.413 [Info] Applied dynamic button colors for theme: DarkTheme
2025-10-06 17:16:46.424 [Info] Applied theme: DarkTheme
2025-10-06 17:16:46.444 [Info] ApplyTheme inicial OK
2025-10-06 17:16:46.467 [Info] Initializing ComicPageLoader (empty constructor)
2025-10-06 17:16:49.087 [Info] Skip ApplyTheme: 'DarkTheme' ya activo
2025-10-06 17:16:53.154 [Info] Logger inicializado
2025-10-06 17:16:53.190 [Info] Initializing ComicPageLoader (empty constructor)
2025-10-06 17:16:53.529 [Info] Applied dynamic button colors for theme: DarkTheme
2025-10-06 17:16:53.531 [Info] Applied theme: DarkTheme
2025-10-06 17:16:53.994 [Info] Applied dynamic button colors for theme: DarkTheme
2025-10-06 17:16:53.998 [Info] Applied theme: DarkTheme
2025-10-06 17:16:54.007 [Info] ApplyTheme inicial OK
2025-10-06 17:16:54.021 [Info] Initializing ComicPageLoader (empty constructor)
2025-10-06 17:16:54.772 [Info] Skip ApplyTheme: 'DarkTheme' ya activo
2025-10-06 17:16:56.978 [Info] Settings saved successfully.
2025-10-06 17:17:09.010 [Info] Settings saved successfully.
2025-10-06 17:19:11.724 [Info] Logger inicializado
2025-10-06 17:19:11.760 [Info] Initializing ComicPageLoader (empty constructor)
2025-10-06 17:19:12.128 [Info] Applied dynamic button colors for theme: DarkTheme
2025-10-06 17:19:12.129 [Info] Applied theme: DarkTheme
2025-10-06 17:19:12.350 [Info] Applied dynamic button colors for theme: DarkTheme
2025-10-06 17:19:12.359 [Info] Applied theme: DarkTheme
2025-10-06 17:19:12.366 [Info] ApplyTheme inicial OK
2025-10-06 17:19:12.375 [Info] Initializing ComicPageLoader (empty constructor)
2025-10-06 17:19:13.236 [Info] Skip ApplyTheme: 'DarkTheme' ya activo
2025-10-06 17:19:15.318 [Info] Settings saved successfully.
2025-10-06 17:19:26.356 [Info] Settings saved successfully.
2025-10-06 17:19:37.446 [Info] Settings saved successfully.
2025-10-06 17:20:54.988 [Info] Logger inicializado
2025-10-06 17:20:55.080 [Info] Initializing ComicPageLoader (empty constructor)
2025-10-06 17:20:55.653 [Info] Applied dynamic button colors for theme: DarkTheme
2025-10-06 17:20:55.665 [Info] Applied theme: DarkTheme
2025-10-06 17:20:56.252 [Info] Applied dynamic button colors for theme: DarkTheme
2025-10-06 17:20:56.256 [Info] Applied theme: DarkTheme
2025-10-06 17:20:56.263 [Info] ApplyTheme inicial OK
2025-10-06 17:20:56.268 [Info] Initializing ComicPageLoader (empty constructor)
2025-10-06 17:20:57.200 [Info] Skip ApplyTheme: 'DarkTheme' ya activo
2025-10-06 17:20:59.501 [Info] Settings saved successfully.
2025-10-06 17:21:18.900 [Info] Settings saved successfully.
2025-10-06 17:23:24.739 [Info] Logger inicializado
2025-10-06 17:23:24.783 [Info] Initializing ComicPageLoader (empty constructor)
2025-10-06 17:23:25.090 [Info] Applied dynamic button colors for theme: DarkTheme
2025-10-06 17:23:25.092 [Info] Applied theme: DarkTheme
2025-10-06 17:23:25.306 [Info] Applied dynamic button colors for theme: DarkTheme
2025-10-06 17:23:25.309 [Info] Applied theme: DarkTheme
2025-10-06 17:23:25.310 [Info] ApplyTheme inicial OK
2025-10-06 17:23:25.316 [Info] Initializing ComicPageLoader (empty constructor)
2025-10-06 17:23:25.933 [Info] Skip ApplyTheme: 'DarkTheme' ya activo
2025-10-06 17:23:27.847 [Info] Settings saved successfully.
2025-10-06 17:23:38.545 [Info] Settings saved successfully.
2025-10-06 17:42:37.546 [Info] Logger inicializado
2025-10-06 17:42:37.734 [Info] Initializing ComicPageLoader (empty constructor)
2025-10-06 17:42:38.064 [Info] Applied dynamic button colors for theme: DarkTheme
2025-10-06 17:42:38.096 [Info] Applied theme: DarkTheme
2025-10-06 17:42:38.347 [Info] Applied dynamic button colors for theme: DarkTheme
2025-10-06 17:42:38.349 [Info] Applied theme: DarkTheme
2025-10-06 17:42:38.352 [Info] ApplyTheme inicial OK
2025-10-06 17:42:38.357 [Info] Initializing ComicPageLoader (empty constructor)
2025-10-06 17:42:38.910 [Info] Skip ApplyTheme: 'DarkTheme' ya activo
2025-10-06 17:42:40.913 [Info] Settings saved successfully.
2025-10-06 17:42:53.334 [Info] Settings saved successfully.
2025-10-06 17:43:11.042 [Info] Settings saved successfully.
2025-10-06 17:46:07.995 [Info] Logger inicializado
2025-10-06 17:46:08.060 [Info] Initializing ComicPageLoader (empty constructor)
2025-10-06 17:46:08.426 [Info] Applied dynamic button colors for theme: DarkTheme
2025-10-06 17:46:08.427 [Info] Applied theme: DarkTheme
2025-10-06 17:46:08.654 [Info] Applied dynamic button colors for theme: DarkTheme
2025-10-06 17:46:08.666 [Info] Applied theme: DarkTheme
2025-10-06 17:46:08.673 [Info] ApplyTheme inicial OK
2025-10-06 17:46:08.676 [Info] Initializing ComicPageLoader (empty constructor)
2025-10-06 17:46:09.250 [Info] Skip ApplyTheme: 'DarkTheme' ya activo
2025-10-06 17:46:11.497 [Info] Settings saved successfully.
2025-10-06 17:46:23.151 [Info] Settings saved successfully.
2025-10-06 17:48:27.665 [Info] Logger inicializado
2025-10-06 17:48:27.722 [Info] Initializing ComicPageLoader (empty constructor)
2025-10-06 17:48:27.983 [Info] Applied dynamic button colors for theme: DarkTheme
2025-10-06 17:48:27.985 [Info] Applied theme: DarkTheme
2025-10-06 17:48:28.280 [Info] Applied dynamic button colors for theme: DarkTheme
2025-10-06 17:48:28.287 [Info] Applied theme: DarkTheme
2025-10-06 17:48:28.297 [Info] ApplyTheme inicial OK
2025-10-06 17:48:28.306 [Info] Initializing ComicPageLoader (empty constructor)
2025-10-06 17:48:28.952 [Info] Skip ApplyTheme: 'DarkTheme' ya activo
2025-10-06 17:48:30.853 [Info] Settings saved successfully.
2025-10-06 17:48:46.269 [Info] Settings saved successfully.
2025-10-06 17:48:57.089 [Info] Settings saved successfully.
2025-10-06 17:56:19.520 [Info] Logger inicializado
2025-10-06 17:56:19.763 [Info] Initializing ComicPageLoader (empty constructor)
2025-10-06 17:56:20.312 [Info] Applied dynamic button colors for theme: DarkTheme
2025-10-06 17:56:20.314 [Info] Applied theme: DarkTheme
2025-10-06 17:56:20.575 [Info] Applied dynamic button colors for theme: DarkTheme
2025-10-06 17:56:20.582 [Info] Applied theme: DarkTheme
2025-10-06 17:56:20.596 [Info] ApplyTheme inicial OK
2025-10-06 17:56:20.611 [Info] Initializing ComicPageLoader (empty constructor)
2025-10-06 17:56:21.427 [Info] Skip ApplyTheme: 'DarkTheme' ya activo
2025-10-06 17:56:23.493 [Info] Settings saved successfully.
2025-10-06 18:15:38.204 [Info] Logger inicializado
2025-10-06 18:15:38.268 [Info] Initializing ComicPageLoader (empty constructor)
2025-10-06 18:15:42.372 [Info] Applied dynamic button colors for theme: DarkTheme
2025-10-06 18:15:42.379 [Info] Applied theme: DarkTheme
2025-10-06 18:15:44.736 [Info] Applied dynamic button colors for theme: DarkTheme
2025-10-06 18:15:44.816 [Info] Applied theme: DarkTheme
2025-10-06 18:15:44.899 [Info] ApplyTheme inicial OK
2025-10-06 18:15:45.001 [Info] Initializing ComicPageLoader (empty constructor)
2025-10-06 18:15:47.428 [Info] Skip ApplyTheme: 'DarkTheme' ya activo
2025-10-06 18:15:53.218 [Info] Settings saved successfully.
2025-10-06 18:16:04.677 [Info] Settings saved successfully.
2025-10-06 18:19:41.115 [Info] Logger inicializado
2025-10-06 18:19:41.178 [Info] Initializing ComicPageLoader (empty constructor)
2025-10-06 18:19:41.611 [Info] Applied dynamic button colors for theme: DarkTheme
2025-10-06 18:19:41.817 [Info] Applied theme: DarkTheme
2025-10-06 18:19:44.771 [Info] Applied dynamic button colors for theme: DarkTheme
2025-10-06 18:19:44.820 [Info] Applied theme: DarkTheme
2025-10-06 18:19:44.861 [Info] ApplyTheme inicial OK
2025-10-06 18:19:44.997 [Info] Initializing ComicPageLoader (empty constructor)
2025-10-06 18:19:46.157 [Info] Skip ApplyTheme: 'DarkTheme' ya activo
2025-10-06 18:19:49.835 [Info] Settings saved successfully.
2025-10-06 18:20:02.656 [Info] Settings saved successfully.
2025-10-06 18:23:36.795 [Info] Logger inicializado
2025-10-06 18:23:36.888 [Info] Initializing ComicPageLoader (empty constructor)
2025-10-06 18:23:37.649 [Info] Applied dynamic button colors for theme: DarkTheme
2025-10-06 18:23:37.808 [Info] Applied theme: DarkTheme
2025-10-06 18:23:38.667 [Info] Applied dynamic button colors for theme: DarkTheme
2025-10-06 18:23:38.674 [Info] Applied theme: DarkTheme
2025-10-06 18:23:38.682 [Info] ApplyTheme inicial OK
2025-10-06 18:23:38.698 [Info] Initializing ComicPageLoader (empty constructor)
2025-10-06 18:23:39.858 [Info] Skip ApplyTheme: 'DarkTheme' ya activo
2025-10-06 18:23:42.482 [Info] Settings saved successfully.
2025-10-06 18:23:57.756 [Info] Settings saved successfully.
2025-10-06 18:24:34.787 [Info] Settings saved successfully.
2025-10-06 18:33:10.972 [Info] Logger inicializado
2025-10-06 18:33:11.018 [Info] Initializing ComicPageLoader (empty constructor)
2025-10-06 18:33:11.542 [Info] Applied dynamic button colors for theme: DarkTheme
2025-10-06 18:33:11.543 [Info] Applied theme: DarkTheme
2025-10-06 18:33:11.852 [Info] Applied dynamic button colors for theme: DarkTheme
2025-10-06 18:33:11.854 [Info] Applied theme: DarkTheme
2025-10-06 18:33:11.855 [Info] ApplyTheme inicial OK
2025-10-06 18:33:11.858 [Info] Initializing ComicPageLoader (empty constructor)
2025-10-06 18:33:12.999 [Info] Skip ApplyTheme: 'DarkTheme' ya activo
2025-10-06 18:33:15.428 [Info] Settings saved successfully.
2025-10-06 18:33:28.825 [Info] Settings saved successfully.
2025-10-06 18:33:44.935 [Info] Settings saved successfully.
2025-10-06 18:37:35.999 [Info] Logger inicializado
2025-10-06 18:37:36.549 [Info] Initializing ComicPageLoader (empty constructor)
2025-10-06 18:37:36.973 [Info] Applied dynamic button colors for theme: DarkTheme
2025-10-06 18:37:36.975 [Info] Applied theme: DarkTheme
2025-10-06 18:37:37.339 [Info] Applied dynamic button colors for theme: DarkTheme
2025-10-06 18:37:37.343 [Info] Applied theme: DarkTheme
2025-10-06 18:37:37.348 [Info] ApplyTheme inicial OK
2025-10-06 18:37:37.360 [Info] Initializing ComicPageLoader (empty constructor)
2025-10-06 18:37:38.385 [Info] Skip ApplyTheme: 'DarkTheme' ya activo
2025-10-06 18:37:41.277 [Info] Settings saved successfully.
2025-10-06 18:37:59.497 [Info] Settings saved successfully.
2025-10-06 18:38:16.666 [Info] Settings saved successfully.
2025-10-06 18:41:53.763 [Info] Logger inicializado
2025-10-06 18:41:53.814 [Info] Initializing ComicPageLoader (empty constructor)
2025-10-06 18:41:54.334 [Info] Applied dynamic button colors for theme: DarkTheme
2025-10-06 18:41:54.338 [Info] Applied theme: DarkTheme
2025-10-06 18:41:54.736 [Info] Applied dynamic button colors for theme: DarkTheme
2025-10-06 18:41:54.750 [Info] Applied theme: DarkTheme
2025-10-06 18:41:54.759 [Info] ApplyTheme inicial OK
2025-10-06 18:41:54.774 [Info] Initializing ComicPageLoader (empty constructor)
2025-10-06 18:41:55.724 [Info] Skip ApplyTheme: 'DarkTheme' ya activo
2025-10-06 18:41:58.380 [Info] Settings saved successfully.
2025-10-06 18:42:13.488 [Info] Settings saved successfully.
2025-10-06 18:47:33.964 [Info] Logger inicializado
2025-10-06 18:47:34.006 [Info] Initializing ComicPageLoader (empty constructor)
2025-10-06 18:47:34.502 [Info] Applied dynamic button colors for theme: DarkTheme
2025-10-06 18:47:34.535 [Info] Applied theme: DarkTheme
2025-10-06 18:47:34.841 [Info] Applied dynamic button colors for theme: DarkTheme
2025-10-06 18:47:34.854 [Info] Applied theme: DarkTheme
2025-10-06 18:47:34.877 [Info] ApplyTheme inicial OK
2025-10-06 18:47:34.890 [Info] Initializing ComicPageLoader (empty constructor)
2025-10-06 18:47:35.924 [Info] Skip ApplyTheme: 'DarkTheme' ya activo
2025-10-06 18:47:38.081 [Info] Settings saved successfully.
2025-10-06 18:47:48.391 [Info] Settings saved successfully.
2025-10-06 18:51:08.584 [Info] Logger inicializado
2025-10-06 18:51:08.653 [Info] Initializing ComicPageLoader (empty constructor)
2025-10-06 18:51:09.018 [Info] Applied dynamic button colors for theme: DarkTheme
2025-10-06 18:51:09.019 [Info] Applied theme: DarkTheme
2025-10-06 18:51:09.368 [Info] Applied dynamic button colors for theme: DarkTheme
2025-10-06 18:51:09.370 [Info] Applied theme: DarkTheme
2025-10-06 18:51:09.383 [Info] ApplyTheme inicial OK
2025-10-06 18:51:09.399 [Info] Initializing ComicPageLoader (empty constructor)
2025-10-06 18:51:10.379 [Info] Skip ApplyTheme: 'DarkTheme' ya activo
2025-10-06 18:51:12.866 [Info] Settings saved successfully.
2025-10-06 18:51:31.448 [Info] Settings saved successfully.
2025-10-06 18:52:00.623 [Info] Settings saved successfully.
2025-10-06 18:52:34.533 [Info] Settings saved successfully.
2025-10-06 18:53:25.520 [Info] Settings saved successfully.
2025-10-06 18:55:02.696 [Info] Settings saved successfully.
2025-10-06 18:55:15.913 [Info] Settings saved successfully.
2025-10-06 18:55:26.857 [Info] Settings saved successfully.
2025-10-06 18:59:40.712 [Info] Logger inicializado
2025-10-06 18:59:40.754 [Info] Initializing ComicPageLoader (empty constructor)
2025-10-06 18:59:41.743 [Info] Applied dynamic button colors for theme: DarkTheme
2025-10-06 18:59:41.750 [Info] Applied theme: DarkTheme
2025-10-06 18:59:42.042 [Info] Applied dynamic button colors for theme: DarkTheme
2025-10-06 18:59:42.053 [Info] Applied theme: DarkTheme
2025-10-06 18:59:42.058 [Info] ApplyTheme inicial OK
2025-10-06 18:59:42.066 [Info] Initializing ComicPageLoader (empty constructor)
2025-10-06 18:59:43.137 [Info] Skip ApplyTheme: 'DarkTheme' ya activo
2025-10-06 18:59:51.307 [Info] Settings saved successfully.
2025-10-06 19:00:04.464 [Info] Settings saved successfully.
2025-10-06 22:00:43.347 [Info] Logger inicializado
2025-10-06 22:00:43.387 [Info] Initializing ComicPageLoader (empty constructor)
2025-10-06 22:00:43.986 [Info] Applied dynamic button colors for theme: DarkTheme
2025-10-06 22:00:43.988 [Info] Applied theme: DarkTheme
2025-10-06 22:00:44.261 [Info] Applied dynamic button colors for theme: DarkTheme
2025-10-06 22:00:44.267 [Info] Applied theme: DarkTheme
2025-10-06 22:00:44.275 [Info] ApplyTheme inicial OK
2025-10-06 22:00:44.283 [Info] Initializing ComicPageLoader (empty constructor)
2025-10-06 22:00:45.429 [Info] Skip ApplyTheme: 'DarkTheme' ya activo
2025-10-06 22:00:49.160 [Info] Settings saved successfully.
2025-10-06 22:11:53.748 [Info] Logger inicializado
2025-10-06 22:11:53.857 [Info] Initializing ComicPageLoader (empty constructor)
2025-10-06 22:11:54.699 [Info] Applied dynamic button colors for theme: DarkTheme
2025-10-06 22:11:54.744 [Info] Applied theme: DarkTheme
2025-10-06 22:11:55.192 [Info] Applied dynamic button colors for theme: DarkTheme
2025-10-06 22:11:55.198 [Info] Applied theme: DarkTheme
2025-10-06 22:11:55.214 [Info] ApplyTheme inicial OK
2025-10-06 22:11:55.238 [Info] Initializing ComicPageLoader (empty constructor)
2025-10-06 22:11:57.094 [Info] Skip ApplyTheme: 'DarkTheme' ya activo
2025-10-06 22:12:05.760 [Info] Logger inicializado
2025-10-06 22:12:05.799 [Info] Initializing ComicPageLoader (empty constructor)
2025-10-06 22:12:06.201 [Info] Applied dynamic button colors for theme: DarkTheme
2025-10-06 22:12:06.206 [Info] Applied theme: DarkTheme
2025-10-06 22:12:06.446 [Info] Applied dynamic button colors for theme: DarkTheme
2025-10-06 22:12:06.448 [Info] Applied theme: DarkTheme
2025-10-06 22:12:06.450 [Info] ApplyTheme inicial OK
2025-10-06 22:12:06.460 [Info] Initializing ComicPageLoader (empty constructor)
2025-10-06 22:12:07.137 [Info] Skip ApplyTheme: 'DarkTheme' ya activo
2025-10-06 22:12:09.329 [Info] Settings saved successfully.
2025-10-06 22:20:50.237 [Info] Logger inicializado
2025-10-06 22:20:50.298 [Info] Initializing ComicPageLoader (empty constructor)
2025-10-06 22:20:51.065 [Info] Applied dynamic button colors for theme: DarkTheme
2025-10-06 22:20:51.086 [Info] Applied theme: DarkTheme
2025-10-06 22:20:51.556 [Info] Applied dynamic button colors for theme: DarkTheme
2025-10-06 22:20:51.564 [Info] Applied theme: DarkTheme
2025-10-06 22:20:51.566 [Info] ApplyTheme inicial OK
2025-10-06 22:20:51.569 [Info] Initializing ComicPageLoader (empty constructor)
2025-10-06 22:20:53.343 [Info] Skip ApplyTheme: 'DarkTheme' ya activo
2025-10-06 22:20:57.593 [Info] Settings saved successfully.
2025-10-06 22:21:00.029 [Info] Skip ApplyTheme: 'DarkTheme' ya activo
2025-10-06 22:21:07.660 [Info] Settings saved successfully.
2025-10-06 22:24:11.368 [Info] Logger inicializado
2025-10-06 22:24:11.570 [Info] Initializing ComicPageLoader (empty constructor)
2025-10-06 22:24:12.103 [Info] Applied dynamic button colors for theme: DarkTheme
2025-10-06 22:24:12.137 [Info] Applied theme: DarkTheme
2025-10-06 22:24:12.651 [Info] Applied dynamic button colors for theme: DarkTheme
2025-10-06 22:24:12.661 [Info] Applied theme: DarkTheme
2025-10-06 22:24:12.664 [Info] ApplyTheme inicial OK
2025-10-06 22:24:12.678 [Info] Initializing ComicPageLoader (empty constructor)
2025-10-06 22:24:13.766 [Info] Skip ApplyTheme: 'DarkTheme' ya activo
2025-10-06 22:24:16.375 [Info] Settings saved successfully.
2025-10-06 22:24:23.145 [Info] Skip ApplyTheme: 'DarkTheme' ya activo
2025-10-06 22:24:26.470 [Info] Applied dynamic button colors for theme: LightTheme
2025-10-06 22:24:26.489 [Info] Applied theme: LightTheme
2025-10-06 22:24:26.500 [Info] Skip ApplyTheme: 'LightTheme' ya activo
2025-10-06 22:24:27.565 [Info] Settings saved successfully.
2025-10-06 22:24:28.186 [Info] Applied dynamic button colors for theme: SepiaTheme
2025-10-06 22:24:28.193 [Info] Applied theme: SepiaTheme
2025-10-06 22:24:28.196 [Info] Skip ApplyTheme: 'SepiaTheme' ya activo
2025-10-06 22:24:37.944 [Info] Settings saved successfully.
2025-10-06 22:30:09.454 [Info] Logger inicializado
2025-10-06 22:30:09.490 [Info] Initializing ComicPageLoader (empty constructor)
2025-10-06 22:30:09.921 [Info] Applied dynamic button colors for theme: SepiaTheme
2025-10-06 22:30:09.926 [Info] Applied theme: SepiaTheme
2025-10-06 22:30:10.194 [Info] Applied dynamic button colors for theme: SepiaTheme
2025-10-06 22:30:10.202 [Info] Applied theme: SepiaTheme
2025-10-06 22:30:10.208 [Info] ApplyTheme inicial OK
2025-10-06 22:30:10.219 [Info] Initializing ComicPageLoader (empty constructor)
2025-10-06 22:30:10.913 [Info] Skip ApplyTheme: 'SepiaTheme' ya activo
2025-10-06 22:30:13.313 [Info] Settings saved successfully.
2025-10-06 22:33:03.492 [Info] Logger inicializado
2025-10-06 22:33:03.527 [Info] Initializing ComicPageLoader (empty constructor)
2025-10-06 22:33:03.868 [Info] Applied dynamic button colors for theme: SepiaTheme
2025-10-06 22:33:03.870 [Info] Applied theme: SepiaTheme
2025-10-06 22:33:04.143 [Info] Applied dynamic button colors for theme: SepiaTheme
2025-10-06 22:33:04.144 [Info] Applied theme: SepiaTheme
2025-10-06 22:33:04.151 [Info] ApplyTheme inicial OK
2025-10-06 22:33:04.156 [Info] Initializing ComicPageLoader (empty constructor)
2025-10-06 22:33:04.970 [Info] Skip ApplyTheme: 'SepiaTheme' ya activo
2025-10-06 22:33:07.287 [Info] Settings saved successfully.
2025-10-06 22:40:55.495 [Info] Logger inicializado
2025-10-06 22:40:55.551 [Info] Initializing ComicPageLoader (empty constructor)
2025-10-06 22:40:56.351 [Info] Applied dynamic button colors for theme: SepiaTheme
2025-10-06 22:40:56.425 [Info] Applied theme: SepiaTheme
2025-10-06 22:40:56.974 [Info] Applied dynamic button colors for theme: SepiaTheme
2025-10-06 22:40:56.979 [Info] Applied theme: SepiaTheme
2025-10-06 22:40:56.985 [Info] ApplyTheme inicial OK
2025-10-06 22:40:57.000 [Info] Initializing ComicPageLoader (empty constructor)
2025-10-06 22:40:57.835 [Info] Skip ApplyTheme: 'SepiaTheme' ya activo
2025-10-06 22:41:00.830 [Info] Settings saved successfully.
2025-10-06 22:41:01.733 [Info] Skip ApplyTheme: 'SepiaTheme' ya activo
2025-10-06 22:41:06.691 [Info] Applied theme: SupermanClassicTheme
2025-10-06 22:41:06.694 [Info] Skip ApplyTheme: 'SupermanClassicTheme' ya activo
2025-10-06 22:41:11.784 [Info] Applied dynamic button colors for theme: WonderWomanTheme
2025-10-06 22:41:11.785 [Info] Applied theme: WonderWomanTheme
2025-10-06 22:41:11.786 [Info] Skip ApplyTheme: 'WonderWomanTheme' ya activo
2025-10-06 22:41:14.218 [Info] Applied theme: FlashSpeedTheme
2025-10-06 22:41:14.220 [Info] Skip ApplyTheme: 'FlashSpeedTheme' ya activo
2025-10-06 22:41:16.325 [Info] Applied theme: BatmanNocturnalTheme
2025-10-06 22:41:16.327 [Info] Skip ApplyTheme: 'BatmanNocturnalTheme' ya activo
2025-10-06 22:41:18.956 [Info] Applied dynamic button colors for theme: SepiaTheme
2025-10-06 22:41:18.957 [Info] Applied theme: SepiaTheme
2025-10-06 22:41:20.429 [Info] Skip ApplyTheme: 'SepiaTheme' ya activo
2025-10-06 22:41:30.343 [Info] Skip ApplyTheme: 'SepiaTheme' ya activo
2025-10-06 22:41:58.419 [Info] Skip ApplyTheme: 'SepiaTheme' ya activo
2025-10-06 22:42:07.901 [Info] Applied dynamic button colors for theme: LightTheme
2025-10-06 22:42:07.903 [Info] Applied theme: LightTheme
2025-10-06 22:42:07.905 [Info] Skip ApplyTheme: 'LightTheme' ya activo
2025-10-06 22:42:08.998 [Info] Applied theme: XMenTheme
2025-10-06 22:42:09.000 [Info] Skip ApplyTheme: 'XMenTheme' ya activo
2025-10-06 22:42:21.958 [Info] Applied dynamic button colors for theme: SepiaTheme
2025-10-06 22:42:21.960 [Info] Applied theme: SepiaTheme
2025-10-06 22:46:57.595 [Info] Logger inicializado
2025-10-06 22:46:57.645 [Info] Initializing ComicPageLoader (empty constructor)
2025-10-06 22:46:58.015 [Info] Applied dynamic button colors for theme: SepiaTheme
2025-10-06 22:46:58.018 [Info] Applied theme: SepiaTheme
2025-10-06 22:46:58.457 [Info] Applied dynamic button colors for theme: SepiaTheme
2025-10-06 22:46:58.463 [Info] Applied theme: SepiaTheme
2025-10-06 22:46:58.473 [Info] ApplyTheme inicial OK
2025-10-06 22:46:58.491 [Info] Initializing ComicPageLoader (empty constructor)
2025-10-06 22:46:59.161 [Info] Skip ApplyTheme: 'SepiaTheme' ya activo
2025-10-06 22:47:01.542 [Info] Settings saved successfully.
2025-10-06 22:47:42.115 [Info] Skip ApplyTheme: 'SepiaTheme' ya activo
2025-10-06 22:47:57.577 [Info] Settings saved successfully.
2025-10-06 22:48:05.164 [Info] Skip ApplyTheme: 'SepiaTheme' ya activo
2025-10-06 22:48:11.348 [Info] Skip ApplyTheme: 'SepiaTheme' ya activo
2025-10-06 22:49:54.865 [Info] Logger inicializado
2025-10-06 22:49:54.906 [Info] Initializing ComicPageLoader (empty constructor)
2025-10-06 22:49:55.343 [Info] Applied dynamic button colors for theme: SepiaTheme
2025-10-06 22:49:55.351 [Info] Applied theme: SepiaTheme
2025-10-06 22:49:55.635 [Info] Applied dynamic button colors for theme: SepiaTheme
2025-10-06 22:49:55.646 [Info] Applied theme: SepiaTheme
2025-10-06 22:49:55.660 [Info] ApplyTheme inicial OK
2025-10-06 22:49:55.693 [Info] Initializing ComicPageLoader (empty constructor)
2025-10-06 22:49:56.489 [Info] Skip ApplyTheme: 'SepiaTheme' ya activo
2025-10-06 22:49:59.512 [Info] Settings saved successfully.
2025-10-06 22:50:00.451 [Info] Skip ApplyTheme: 'SepiaTheme' ya activo
2025-10-06 22:50:06.227 [Info] Skip ApplyTheme: 'SepiaTheme' ya activo
2025-10-06 22:53:18.336 [Info] Logger inicializado
2025-10-06 22:53:18.401 [Info] Initializing ComicPageLoader (empty constructor)
2025-10-06 22:53:18.729 [Info] Applied dynamic button colors for theme: SepiaTheme
2025-10-06 22:53:18.732 [Info] Applied theme: SepiaTheme
2025-10-06 22:53:19.075 [Info] Applied dynamic button colors for theme: SepiaTheme
2025-10-06 22:53:19.079 [Info] Applied theme: SepiaTheme
2025-10-06 22:53:19.088 [Info] ApplyTheme inicial OK
2025-10-06 22:53:19.123 [Info] Initializing ComicPageLoader (empty constructor)
2025-10-06 22:53:20.053 [Info] Skip ApplyTheme: 'SepiaTheme' ya activo
2025-10-06 22:53:22.172 [Info] Settings saved successfully.
2025-10-06 22:53:25.012 [Info] Skip ApplyTheme: 'SepiaTheme' ya activo
2025-10-06 22:53:29.778 [Info] Applied dynamic button colors for theme: LightTheme
2025-10-06 22:53:29.779 [Info] Applied theme: LightTheme
2025-10-06 22:53:29.783 [Info] Skip ApplyTheme: 'LightTheme' ya activo
2025-10-06 22:53:31.598 [Info] Applied dynamic button colors for theme: SepiaTheme
2025-10-06 22:53:31.600 [Info] Applied theme: SepiaTheme
2025-10-06 22:53:31.602 [Info] Skip ApplyTheme: 'SepiaTheme' ya activo
2025-10-06 22:53:33.073 [Info] Applied dynamic button colors for theme: HighContrastTheme
2025-10-06 22:53:33.074 [Info] Applied theme: HighContrastTheme
2025-10-06 22:53:33.077 [Info] Skip ApplyTheme: 'HighContrastTheme' ya activo
2025-10-06 22:53:34.445 [Info] Applied dynamic button colors for theme: SepiaTheme
2025-10-06 22:53:34.447 [Info] Applied theme: SepiaTheme
2025-10-06 22:53:36.160 [Info] Skip ApplyTheme: 'SepiaTheme' ya activo
2025-10-06 22:53:40.841 [Info] Skip ApplyTheme: 'SepiaTheme' ya activo
2025-10-06 22:53:43.484 [Info] Skip ApplyTheme: 'SepiaTheme' ya activo
2025-10-06 22:53:51.953 [Info] Settings saved successfully.
2025-10-06 22:53:57.151 [Info] Skip ApplyTheme: 'SepiaTheme' ya activo
2025-10-06 22:54:27.851 [Info] Skip ApplyTheme: 'SepiaTheme' ya activo
2025-10-06 22:54:27.855 [Info] Skip ApplyTheme: 'SepiaTheme' ya activo
2025-10-06 22:58:36.973 [Info] Logger inicializado
2025-10-06 22:58:37.062 [Info] Initializing ComicPageLoader (empty constructor)
2025-10-06 22:58:37.465 [Info] Applied dynamic button colors for theme: SepiaTheme
2025-10-06 22:58:37.491 [Info] Applied theme: SepiaTheme
2025-10-06 22:58:37.883 [Info] Applied dynamic button colors for theme: SepiaTheme
2025-10-06 22:58:37.890 [Info] Applied theme: SepiaTheme
2025-10-06 22:58:37.897 [Info] ApplyTheme inicial OK
2025-10-06 22:58:37.900 [Info] Initializing ComicPageLoader (empty constructor)
2025-10-06 22:58:38.630 [Info] Skip ApplyTheme: 'SepiaTheme' ya activo
2025-10-06 22:58:41.112 [Info] Settings saved successfully.
2025-10-06 22:58:44.446 [Info] Skip ApplyTheme: 'SepiaTheme' ya activo
2025-10-06 22:58:58.398 [Info] Settings saved successfully.
2025-10-06 22:59:05.585 [Info] Skip ApplyTheme: 'SepiaTheme' ya activo
2025-10-06 22:59:10.287 [Info] Applied dynamic button colors for theme: DarkTheme
2025-10-06 22:59:10.289 [Info] Applied theme: DarkTheme
2025-10-06 22:59:10.293 [Info] Skip ApplyTheme: 'DarkTheme' ya activo
2025-10-06 22:59:11.794 [Info] Applied dynamic button colors for theme: LightTheme
2025-10-06 22:59:11.796 [Info] Applied theme: LightTheme
2025-10-06 22:59:11.798 [Info] Skip ApplyTheme: 'LightTheme' ya activo
2025-10-06 22:59:29.308 [Info] Applied theme: SupermanClassicTheme
2025-10-06 22:59:29.311 [Info] Skip ApplyTheme: 'SupermanClassicTheme' ya activo
2025-10-06 22:59:31.179 [Info] Applied dynamic button colors for theme: SepiaTheme
2025-10-06 22:59:31.182 [Info] Applied theme: SepiaTheme
2025-10-06 22:59:31.185 [Info] Skip ApplyTheme: 'SepiaTheme' ya activo
2025-10-06 22:59:34.250 [Info] Applied dynamic button colors for theme: LightTheme
2025-10-06 22:59:34.258 [Info] Applied theme: LightTheme
2025-10-06 22:59:34.267 [Info] Skip ApplyTheme: 'LightTheme' ya activo
2025-10-06 22:59:35.367 [Info] Applied dynamic button colors for theme: SepiaTheme
2025-10-06 22:59:35.369 [Info] Applied theme: SepiaTheme
2025-10-06 22:59:35.373 [Info] Skip ApplyTheme: 'SepiaTheme' ya activo
2025-10-06 22:59:49.211 [Info] Applied dynamic button colors for theme: LightTheme
2025-10-06 22:59:49.213 [Info] Applied theme: LightTheme
2025-10-06 22:59:49.216 [Info] Skip ApplyTheme: 'LightTheme' ya activo
2025-10-06 22:59:50.535 [Info] Applied dynamic button colors for theme: SepiaTheme
2025-10-06 22:59:50.560 [Info] Applied theme: SepiaTheme
2025-10-06 22:59:50.563 [Info] Skip ApplyTheme: 'SepiaTheme' ya activo
2025-10-06 22:59:51.158 [Info] Applied dynamic button colors for theme: HighContrastTheme
2025-10-06 22:59:51.161 [Info] Applied theme: HighContrastTheme
2025-10-06 22:59:51.163 [Info] Skip ApplyTheme: 'HighContrastTheme' ya activo
2025-10-06 22:59:52.363 [Info] Applied dynamic button colors for theme: SepiaTheme
2025-10-06 22:59:52.365 [Info] Applied theme: SepiaTheme
2025-10-06 22:59:52.367 [Info] Skip ApplyTheme: 'SepiaTheme' ya activo
2025-10-06 22:59:53.130 [Info] Applied dynamic button colors for theme: LightTheme
2025-10-06 22:59:53.131 [Info] Applied theme: LightTheme
2025-10-06 22:59:53.134 [Info] Skip ApplyTheme: 'LightTheme' ya activo
2025-10-06 23:00:14.314 [Info] Applied dynamic button colors for theme: SepiaTheme
2025-10-06 23:00:14.336 [Info] Applied theme: SepiaTheme
2025-10-06 23:00:14.350 [Info] Skip ApplyTheme: 'SepiaTheme' ya activo
2025-10-06 23:00:26.852 [Info] Applied dynamic button colors for theme: HighContrastTheme
2025-10-06 23:00:26.874 [Info] Applied theme: HighContrastTheme
2025-10-06 23:00:26.892 [Info] Skip ApplyTheme: 'HighContrastTheme' ya activo
2025-10-06 23:00:28.020 [Info] Applied theme: BatmanNocturnalTheme
2025-10-06 23:00:28.024 [Info] Skip ApplyTheme: 'BatmanNocturnalTheme' ya activo
2025-10-06 23:00:28.757 [Info] Applied theme: SupermanClassicTheme
2025-10-06 23:00:28.759 [Info] Skip ApplyTheme: 'SupermanClassicTheme' ya activo
2025-10-06 23:00:29.552 [Info] Applied dynamic button colors for theme: WonderWomanTheme
2025-10-06 23:00:29.553 [Info] Applied theme: WonderWomanTheme
2025-10-06 23:00:29.555 [Info] Skip ApplyTheme: 'WonderWomanTheme' ya activo
2025-10-06 23:00:30.306 [Info] Applied theme: FlashSpeedTheme
2025-10-06 23:00:30.313 [Info] Skip ApplyTheme: 'FlashSpeedTheme' ya activo
2025-10-06 23:00:30.991 [Info] Applied dynamic button colors for theme: GreenLanternTheme
2025-10-06 23:00:30.993 [Info] Applied theme: GreenLanternTheme
2025-10-06 23:00:30.995 [Info] Skip ApplyTheme: 'GreenLanternTheme' ya activo
2025-10-06 23:00:32.881 [Info] Applied theme: AquamanOceanTheme
2025-10-06 23:00:32.884 [Info] Skip ApplyTheme: 'AquamanOceanTheme' ya activo
2025-10-06 23:00:34.622 [Info] Applied theme: SpidermanRetroTheme
2025-10-06 23:00:34.624 [Info] Skip ApplyTheme: 'SpidermanRetroTheme' ya activo
2025-10-06 23:00:35.539 [Info] Applied theme: XMenTheme
2025-10-06 23:00:35.541 [Info] Skip ApplyTheme: 'XMenTheme' ya activo
2025-10-06 23:00:36.576 [Info] Applied theme: MarvelModernTheme
2025-10-06 23:00:36.578 [Info] Skip ApplyTheme: 'MarvelModernTheme' ya activo
2025-10-06 23:00:37.527 [Info] Applied theme: CosmicMarvelTheme
2025-10-06 23:00:37.531 [Info] Skip ApplyTheme: 'CosmicMarvelTheme' ya activo
2025-10-06 23:00:40.701 [Info] Applied dynamic button colors for theme: DraculaTheme
2025-10-06 23:00:40.703 [Info] Applied theme: DraculaTheme
2025-10-06 23:00:40.705 [Info] Skip ApplyTheme: 'DraculaTheme' ya activo
2025-10-06 23:00:41.414 [Info] Applied dynamic button colors for theme: NordTheme
2025-10-06 23:00:41.416 [Info] Applied theme: NordTheme
2025-10-06 23:00:41.421 [Info] Skip ApplyTheme: 'NordTheme' ya activo
2025-10-06 23:00:54.521 [Info] Applied dynamic button colors for theme: SolarizedDarkTheme
2025-10-06 23:00:54.573 [Info] Applied theme: SolarizedDarkTheme
2025-10-06 23:00:54.605 [Info] Skip ApplyTheme: 'SolarizedDarkTheme' ya activo
2025-10-06 23:00:55.577 [Info] Applied dynamic button colors for theme: SolarizedLightTheme
2025-10-06 23:00:55.622 [Info] Applied theme: SolarizedLightTheme
2025-10-06 23:00:55.624 [Info] Skip ApplyTheme: 'SolarizedLightTheme' ya activo
2025-10-06 23:01:11.739 [Info] Applied dynamic button colors for theme: CyberpunkTheme
2025-10-06 23:01:11.741 [Info] Applied theme: CyberpunkTheme
2025-10-06 23:01:11.743 [Info] Skip ApplyTheme: 'CyberpunkTheme' ya activo
2025-10-06 23:01:12.971 [Info] Applied theme: NeoNoirTheme
2025-10-06 23:01:12.976 [Info] Skip ApplyTheme: 'NeoNoirTheme' ya activo
2025-10-06 23:01:14.676 [Info] Applied dynamic button colors for theme: ComicTheme
2025-10-06 23:01:14.679 [Info] Applied theme: ComicTheme
2025-10-06 23:01:14.681 [Info] Skip ApplyTheme: 'ComicTheme' ya activo
2025-10-06 23:01:28.664 [Info] Applied theme: MangaTheme
2025-10-06 23:01:28.666 [Info] Skip ApplyTheme: 'MangaTheme' ya activo
2025-10-06 23:01:45.026 [Info] Applied theme: MangaModernTheme
2025-10-06 23:01:45.085 [Info] Skip ApplyTheme: 'MangaModernTheme' ya activo
2025-10-06 23:02:00.743 [Info] Applied theme: IndieComicTheme
2025-10-06 23:02:00.827 [Info] Skip ApplyTheme: 'IndieComicTheme' ya activo
2025-10-06 23:02:17.207 [Info] Applied theme: IndieArtisticTheme
2025-10-06 23:02:17.208 [Info] Skip ApplyTheme: 'IndieArtisticTheme' ya activo
2025-10-06 23:02:18.715 [Info] Applied theme: GoldenAgeTheme
2025-10-06 23:02:18.724 [Info] Skip ApplyTheme: 'GoldenAgeTheme' ya activo
2025-10-06 23:02:20.910 [Info] Skip ApplyTheme: 'GoldenAgeTheme' ya activo
2025-10-06 23:02:22.716 [Info] Applied dynamic button colors for theme: SepiaTheme
2025-10-06 23:02:22.718 [Info] Applied theme: SepiaTheme
2025-10-06 23:12:49.560 [Info] Logger inicializado
2025-10-06 23:12:49.708 [Info] Initializing ComicPageLoader (empty constructor)
2025-10-06 23:12:50.071 [Info] Applied dynamic button colors for theme: SepiaTheme
2025-10-06 23:12:50.113 [Info] Applied theme: SepiaTheme
2025-10-06 23:12:50.452 [Info] Applied dynamic button colors for theme: SepiaTheme
2025-10-06 23:12:50.457 [Info] Applied theme: SepiaTheme
2025-10-06 23:12:50.464 [Info] ApplyTheme inicial OK
2025-10-06 23:12:50.491 [Info] Initializing ComicPageLoader (empty constructor)
2025-10-06 23:12:51.256 [Info] Skip ApplyTheme: 'SepiaTheme' ya activo
2025-10-06 23:12:53.205 [Info] Settings saved successfully.
2025-10-06 23:12:56.633 [Info] Skip ApplyTheme: 'SepiaTheme' ya activo
2025-10-06 23:13:00.861 [Info] Applied dynamic button colors for theme: DarkTheme
2025-10-06 23:13:00.863 [Info] Applied theme: DarkTheme
2025-10-06 23:13:00.865 [Info] Skip ApplyTheme: 'DarkTheme' ya activo
2025-10-06 23:13:01.697 [Info] Applied dynamic button colors for theme: LightTheme
2025-10-06 23:13:01.699 [Info] Applied theme: LightTheme
2025-10-06 23:13:01.707 [Info] Skip ApplyTheme: 'LightTheme' ya activo
2025-10-06 23:13:02.446 [Info] Applied dynamic button colors for theme: SepiaTheme
2025-10-06 23:13:02.449 [Info] Applied theme: SepiaTheme
2025-10-06 23:13:02.457 [Info] Skip ApplyTheme: 'SepiaTheme' ya activo
2025-10-06 23:13:03.310 [Info] Applied dynamic button colors for theme: HighContrastTheme
2025-10-06 23:13:03.314 [Info] Applied theme: HighContrastTheme
2025-10-06 23:13:03.316 [Info] Skip ApplyTheme: 'HighContrastTheme' ya activo
2025-10-06 23:13:05.796 [Info] Applied theme: BatmanNocturnalTheme
2025-10-06 23:13:05.803 [Info] Skip ApplyTheme: 'BatmanNocturnalTheme' ya activo
2025-10-06 23:13:06.578 [Info] Applied theme: SupermanClassicTheme
2025-10-06 23:13:06.600 [Info] Skip ApplyTheme: 'SupermanClassicTheme' ya activo
2025-10-06 23:13:08.043 [Info] Applied dynamic button colors for theme: WonderWomanTheme
2025-10-06 23:13:08.045 [Info] Applied theme: WonderWomanTheme
2025-10-06 23:13:08.047 [Info] Skip ApplyTheme: 'WonderWomanTheme' ya activo
2025-10-06 23:13:08.771 [Info] Applied theme: FlashSpeedTheme
2025-10-06 23:13:08.800 [Info] Skip ApplyTheme: 'FlashSpeedTheme' ya activo
2025-10-06 23:13:09.490 [Info] Applied dynamic button colors for theme: GreenLanternTheme
2025-10-06 23:13:09.493 [Info] Applied theme: GreenLanternTheme
2025-10-06 23:13:09.495 [Info] Skip ApplyTheme: 'GreenLanternTheme' ya activo
2025-10-06 23:13:11.242 [Info] Applied theme: AquamanOceanTheme
2025-10-06 23:13:11.245 [Info] Skip ApplyTheme: 'AquamanOceanTheme' ya activo
2025-10-06 23:13:13.352 [Info] Applied dynamic button colors for theme: GreenLanternTheme
2025-10-06 23:13:13.355 [Info] Applied theme: GreenLanternTheme
2025-10-06 23:13:13.358 [Info] Skip ApplyTheme: 'GreenLanternTheme' ya activo
2025-10-06 23:13:15.286 [Info] Applied theme: MarvelModernTheme
2025-10-06 23:13:15.288 [Info] Skip ApplyTheme: 'MarvelModernTheme' ya activo
2025-10-06 23:13:16.081 [Info] Applied theme: XMenTheme
2025-10-06 23:13:16.085 [Info] Skip ApplyTheme: 'XMenTheme' ya activo
2025-10-06 23:13:17.579 [Info] Applied theme: SpidermanRetroTheme
2025-10-06 23:13:17.581 [Info] Skip ApplyTheme: 'SpidermanRetroTheme' ya activo
2025-10-06 23:13:22.251 [Info] Applied theme: IndieArtisticTheme
2025-10-06 23:13:22.254 [Info] Skip ApplyTheme: 'IndieArtisticTheme' ya activo
2025-10-06 23:13:23.026 [Info] Applied theme: IndieComicTheme
2025-10-06 23:13:23.028 [Info] Skip ApplyTheme: 'IndieComicTheme' ya activo
2025-10-06 23:13:24.431 [Info] Applied theme: MangaModernTheme
2025-10-06 23:13:24.433 [Info] Skip ApplyTheme: 'MangaModernTheme' ya activo
2025-10-06 23:13:25.412 [Info] Applied theme: MangaTheme
2025-10-06 23:13:25.413 [Info] Skip ApplyTheme: 'MangaTheme' ya activo
2025-10-06 23:13:26.156 [Info] Applied dynamic button colors for theme: ComicTheme
2025-10-06 23:13:26.160 [Info] Applied theme: ComicTheme
2025-10-06 23:13:26.164 [Info] Skip ApplyTheme: 'ComicTheme' ya activo
2025-10-06 23:13:27.713 [Info] Applied dynamic button colors for theme: SepiaTheme
2025-10-06 23:13:27.714 [Info] Applied theme: SepiaTheme
2025-10-06 23:21:54.379 [Info] Logger inicializado
2025-10-06 23:21:54.439 [Info] Initializing ComicPageLoader (empty constructor)
2025-10-06 23:21:54.794 [Info] Applied dynamic button colors for theme: SepiaTheme
2025-10-06 23:21:54.796 [Info] Applied theme: SepiaTheme
2025-10-06 23:21:55.041 [Info] Applied dynamic button colors for theme: SepiaTheme
2025-10-06 23:21:55.045 [Info] Applied theme: SepiaTheme
2025-10-06 23:21:55.051 [Info] ApplyTheme inicial OK
2025-10-06 23:21:55.075 [Info] Initializing ComicPageLoader (empty constructor)
2025-10-06 23:21:55.634 [Info] Skip ApplyTheme: 'SepiaTheme' ya activo
2025-10-06 23:21:57.864 [Info] Settings saved successfully.
2025-10-06 23:21:58.909 [Info] Skip ApplyTheme: 'SepiaTheme' ya activo
2025-10-06 23:22:07.827 [Info] Applied dynamic button colors for theme: DarkTheme
2025-10-06 23:22:07.834 [Info] Applied theme: DarkTheme
2025-10-06 23:22:07.840 [Info] Skip ApplyTheme: 'DarkTheme' ya activo
2025-10-06 23:22:08.970 [Info] Applied dynamic button colors for theme: LightTheme
2025-10-06 23:22:08.999 [Info] Applied theme: LightTheme
2025-10-06 23:22:09.001 [Info] Skip ApplyTheme: 'LightTheme' ya activo
2025-10-06 23:22:09.700 [Info] Applied dynamic button colors for theme: SepiaTheme
2025-10-06 23:22:09.702 [Info] Applied theme: SepiaTheme
2025-10-06 23:22:09.707 [Info] Skip ApplyTheme: 'SepiaTheme' ya activo
2025-10-06 23:22:10.651 [Info] Applied dynamic button colors for theme: HighContrastTheme
2025-10-06 23:22:10.652 [Info] Applied theme: HighContrastTheme
2025-10-06 23:22:10.654 [Info] Skip ApplyTheme: 'HighContrastTheme' ya activo
2025-10-06 23:22:12.165 [Info] Applied dynamic button colors for theme: SepiaTheme
2025-10-06 23:22:12.166 [Info] Applied theme: SepiaTheme
2025-10-06 23:22:12.174 [Info] Skip ApplyTheme: 'SepiaTheme' ya activo
